#
# There is insufficient memory for the Java Runtime Environment to continue.
# Native memory allocation (malloc) failed to allocate 32744 bytes for ChunkPool::allocate
# Possible reasons:
#   The system is out of physical RAM or swap space
#   The process is running with CompressedOops enabled, and the Java Heap may be blocking the growth of the native heap
# Possible solutions:
#   Reduce memory load on the system
#   Increase physical memory or swap space
#   Check if swap backing store is full
#   Decrease Java heap size (-Xmx/-Xms)
#   Decrease number of Java threads
#   Decrease Java thread stack sizes (-Xss)
#   Set larger code cache with -XX:ReservedCodeCacheSize=
#   JVM is running with Zero Based Compressed Oops mode in which the Java heap is
#     placed in the first 32GB address space. The Java Heap base address is the
#     maximum limit for the native heap growth. Please use -XX:HeapBaseMinAddress
#     to set the Java Heap base and to place the Java Heap above 32GB virtual address.
# This output file may be truncated or incomplete.
#
#  Out of Memory Error (allocation.cpp:272), pid=7928, tid=0x0000000000003ac8
#
# JRE version: Java(TM) SE Runtime Environment (8.0_221-b11) (build 1.8.0_221-b11)
# Java VM: Java HotSpot(TM) 64-Bit Server VM (25.221-b11 mixed mode windows-amd64 compressed oops)
# Failed to write core dump. Minidumps are not enabled by default on client versions of Windows
#

---------------  T H R E A D  ---------------

Current thread (0x0000000002f79000):  JavaThread "main" [_thread_in_vm, id=15048, stack(0x0000000002e70000,0x0000000002f70000)]

Stack: [0x0000000002e70000,0x0000000002f70000]
[error occurred during error reporting (printing stack bounds), id 0xc0000005]

Native frames: (J=compiled Java code, j=interpreted, Vv=VM code, C=native code)

Java frames: (J=compiled Java code, j=interpreted, Vv=VM code)
v  ~RuntimeStub::forward_exception Runtime1 stub
J 128 C1 sun.reflect.generics.parser.SignatureParser.current()C (40 bytes) @ 0x00000000033a8778 [0x00000000033a86e0+0x98]
j  sun.reflect.generics.parser.SignatureParser.parseZeroOrMoreThrowsSignatures()[Lsun/reflect/generics/tree/FieldTypeSignature;+10
j  sun.reflect.generics.parser.SignatureParser.parseMethodTypeSignature()Lsun/reflect/generics/tree/MethodTypeSignature;+34
j  sun.reflect.generics.parser.SignatureParser.parseMethodSig(Ljava/lang/String;)Lsun/reflect/generics/tree/MethodTypeSignature;+9
j  sun.reflect.generics.repository.ConstructorRepository.parse(Ljava/lang/String;)Lsun/reflect/generics/tree/MethodTypeSignature;+4
j  sun.reflect.generics.repository.ConstructorRepository.parse(Ljava/lang/String;)Lsun/reflect/generics/tree/Tree;+2
j  sun.reflect.generics.repository.AbstractRepository.<init>(Ljava/lang/String;Lsun/reflect/generics/factory/GenericsFactory;)V+7
j  sun.reflect.generics.repository.GenericDeclRepository.<init>(Ljava/lang/String;Lsun/reflect/generics/factory/GenericsFactory;)V+3
j  sun.reflect.generics.repository.ConstructorRepository.<init>(Ljava/lang/String;Lsun/reflect/generics/factory/GenericsFactory;)V+3
j  sun.reflect.generics.repository.MethodRepository.<init>(Ljava/lang/String;Lsun/reflect/generics/factory/GenericsFactory;)V+3
j  sun.reflect.generics.repository.MethodRepository.make(Ljava/lang/String;Lsun/reflect/generics/factory/GenericsFactory;)Lsun/reflect/generics/repository/MethodRepository;+6
j  java.lang.reflect.Method.getGenericInfo()Lsun/reflect/generics/repository/MethodRepository;+16
J 3120 C1 java.beans.FeatureDescriptor.getParameterTypes(Ljava/lang/Class;Ljava/lang/reflect/Method;)[Ljava/lang/Class; (21 bytes) @ 0x00000000038ec324 [0x00000000038ec2c0+0x64]
j  java.beans.MethodDescriptor.setMethod(Ljava/lang/reflect/Method;)V+26
j  java.beans.MethodDescriptor.<init>(Ljava/lang/reflect/Method;[Ljava/beans/ParameterDescriptor;)V+25
J 4177 C1 java.beans.MethodDescriptor.<init>(Ljava/lang/reflect/Method;)V (7 bytes) @ 0x0000000003678774 [0x0000000003678720+0x54]
j  java.beans.Introspector.getTargetMethodInfo()[Ljava/beans/MethodDescriptor;+201
j  java.beans.Introspector.getBeanInfo()Ljava/beans/BeanInfo;+6
j  java.beans.Introspector.getBeanInfo(Ljava/lang/Class;Ljava/lang/Class;I)Ljava/beans/BeanInfo;+27
j  java.beans.Introspector.getBeanInfo(Ljava/lang/Class;I)Ljava/beans/BeanInfo;+3
j  org.springframework.beans.CachedIntrospectionResults.getBeanInfo(Ljava/lang/Class;)Ljava/beans/BeanInfo;+53
j  org.springframework.beans.CachedIntrospectionResults.<init>(Ljava/lang/Class;)V+52
j  org.springframework.beans.CachedIntrospectionResults.forClass(Ljava/lang/Class;)Lorg/springframework/beans/CachedIntrospectionResults;+43
j  org.springframework.beans.BeanWrapperImpl.getCachedIntrospectionResults()Lorg/springframework/beans/CachedIntrospectionResults;+12
j  org.springframework.beans.BeanWrapperImpl.getLocalPropertyHandler(Ljava/lang/String;)Lorg/springframework/beans/BeanWrapperImpl$BeanPropertyHandler;+1
j  org.springframework.beans.BeanWrapperImpl.getLocalPropertyHandler(Ljava/lang/String;)Lorg/springframework/beans/AbstractNestablePropertyAccessor$PropertyHandler;+2
j  org.springframework.beans.AbstractNestablePropertyAccessor.getPropertyHandler(Ljava/lang/String;)Lorg/springframework/beans/AbstractNestablePropertyAccessor$PropertyHandler;+19
j  org.springframework.beans.AbstractNestablePropertyAccessor.isWritableProperty(Ljava/lang/String;)Z+2
j  org.springframework.beans.factory.support.AbstractAutowireCapableBeanFactory.applyPropertyValues(Ljava/lang/String;Lorg/springframework/beans/factory/config/BeanDefinition;Lorg/springframework/beans/BeanWrapper;Lorg/springframework/beans/PropertyValues;)V+320
J 3516 C1 org.springframework.beans.factory.support.AbstractAutowireCapableBeanFactory.populateBean(Ljava/lang/String;Lorg/springframework/beans/factory/support/RootBeanDefinition;Lorg/springframework/beans/BeanWrapper;)V (396 bytes) @ 0x00000000039ad58c [0x00000000039acaa0+0xaec]
J 4461 C1 org.springframework.beans.factory.support.AbstractAutowireCapableBeanFactory.doCreateBean(Ljava/lang/String;Lorg/springframework/beans/factory/support/RootBeanDefinition;[Ljava/lang/Object;)Ljava/lang/Object; (507 bytes) @ 0x0000000003b22814 [0x0000000003b22100+0x714]
J 4460 C1 org.springframework.beans.factory.support.AbstractAutowireCapableBeanFactory.createBean(Ljava/lang/String;Lorg/springframework/beans/factory/support/RootBeanDefinition;[Ljava/lang/Object;)Ljava/lang/Object; (247 bytes) @ 0x0000000003b200cc [0x0000000003b1fac0+0x60c]
j  org.springframework.beans.factory.support.AbstractBeanFactory.lambda$doGetBean$0(Ljava/lang/String;Lorg/springframework/beans/factory/support/RootBeanDefinition;[Ljava/lang/Object;)Ljava/lang/Object;+4
j  org.springframework.beans.factory.support.AbstractBeanFactory$$Lambda$174.getObject()Ljava/lang/Object;+16
j  org.springframework.beans.factory.support.DefaultSingletonBeanRegistry.getSingleton(Ljava/lang/String;Lorg/springframework/beans/factory/ObjectFactory;)Ljava/lang/Object;+132
J 2250 C1 org.springframework.beans.factory.support.AbstractBeanFactory.doGetBean(Ljava/lang/String;Ljava/lang/Class;[Ljava/lang/Object;Z)Ljava/lang/Object; (833 bytes) @ 0x000000000371dbb4 [0x000000000371d680+0x534]
J 4162 C1 org.springframework.beans.factory.support.AbstractBeanFactory.getBean(Ljava/lang/String;)Ljava/lang/Object; (9 bytes) @ 0x0000000003681724 [0x00000000036816c0+0x64]
j  org.springframework.beans.factory.support.DefaultListableBeanFactory.preInstantiateSingletons()V+248
j  org.springframework.context.support.AbstractApplicationContext.finishBeanFactoryInitialization(Lorg/springframework/beans/factory/config/ConfigurableListableBeanFactory;)V+124
j  org.springframework.context.support.AbstractApplicationContext.refresh()V+54
j  org.springframework.boot.web.servlet.context.ServletWebServerApplicationContext.refresh()V+1
j  org.springframework.boot.SpringApplication.refresh(Lorg/springframework/context/ConfigurableApplicationContext;)V+1
j  org.springframework.boot.SpringApplication.refresh(Lorg/springframework/context/ApplicationContext;)V+11
j  org.springframework.boot.SpringApplication.refreshContext(Lorg/springframework/context/ConfigurableApplicationContext;)V+2
j  org.springframework.boot.SpringApplication.run([Ljava/lang/String;)Lorg/springframework/context/ConfigurableApplicationContext;+118
j  org.springframework.boot.SpringApplication.run([Ljava/lang/Class;[Ljava/lang/String;)Lorg/springframework/context/ConfigurableApplicationContext;+9
j  org.springframework.boot.SpringApplication.run(Ljava/lang/Class;[Ljava/lang/String;)Lorg/springframework/context/ConfigurableApplicationContext;+9
j  com.zxf.demo.DemoApplication.main([Ljava/lang/String;)V+3
v  ~StubRoutines::call_stub

---------------  P R O C E S S  ---------------

Java Threads: ( => current thread )
  0x0000000022a49000 JavaThread "lettuce-eventExecutorLoop-1-2" daemon [_thread_blocked, id=7020, stack(0x0000000025c00000,0x0000000025d00000)]
  0x0000000022a4d800 JavaThread "lettuce-eventExecutorLoop-1-1" daemon [_thread_blocked, id=10008, stack(0x0000000025b00000,0x0000000025c00000)]
  0x0000000022a48000 JavaThread "lettuce-nioEventLoop-4-1" daemon [_thread_in_native, id=13604, stack(0x00000000248f0000,0x00000000249f0000)]
  0x0000000022a47800 JavaThread "task-2" [_thread_blocked, id=12292, stack(0x00000000249f0000,0x0000000024af0000)]
  0x0000000022a4e000 JavaThread "test connection adder" daemon [_thread_blocked, id=17892, stack(0x00000000239f0000,0x0000000023af0000)]
  0x00000000207d9800 JavaThread "task-1" [_thread_blocked, id=14536, stack(0x0000000022820000,0x0000000022920000)]
  0x0000000020858800 JavaThread "test housekeeper" daemon [_thread_blocked, id=14520, stack(0x0000000022520000,0x0000000022620000)]
  0x000000001df49000 JavaThread "mysql-cj-abandoned-connection-cleanup" daemon [_thread_blocked, id=8160, stack(0x0000000022120000,0x0000000022220000)]
  0x000000001df6e000 JavaThread "container-0" [_thread_blocked, id=8420, stack(0x0000000022020000,0x0000000022120000)]
  0x000000002074f000 JavaThread "Catalina-utility-2" [_thread_blocked, id=7528, stack(0x0000000021f20000,0x0000000022020000)]
  0x000000002074e800 JavaThread "Catalina-utility-1" [_thread_blocked, id=10972, stack(0x0000000021e20000,0x0000000021f20000)]
  0x000000001fb83000 JavaThread "RMI Scheduler(0)" daemon [_thread_blocked, id=17164, stack(0x0000000020d20000,0x0000000020e20000)]
  0x000000001fb6d000 JavaThread "RMI TCP Connection(1)-192.168.40.232" daemon [_thread_in_native, id=15976, stack(0x000000001f650000,0x000000001f750000)]
  0x000000001e868800 JavaThread "RMI TCP Accept-0" daemon [_thread_in_native, id=11640, stack(0x000000001f1a0000,0x000000001f2a0000)]
  0x000000001e623800 JavaThread "Service Thread" daemon [_thread_blocked, id=18048, stack(0x000000001f0a0000,0x000000001f1a0000)]
  0x000000001e58d000 JavaThread "C1 CompilerThread2" daemon [_thread_in_native, id=2880, stack(0x000000001efa0000,0x000000001f0a0000)]
  0x000000001e58a000 JavaThread "C2 CompilerThread1" daemon [_thread_blocked, id=1308, stack(0x000000001eea0000,0x000000001efa0000)]
  0x000000001e589000 JavaThread "C2 CompilerThread0" daemon [_thread_blocked, id=4128, stack(0x000000001eda0000,0x000000001eea0000)]
  0x000000001c88a800 JavaThread "JDWP Command Reader" daemon [_thread_in_native, id=5752, stack(0x000000001e3a0000,0x000000001e4a0000)]
  0x000000001c887000 JavaThread "JDWP Event Helper Thread" daemon [_thread_blocked, id=10484, stack(0x000000001e2a0000,0x000000001e3a0000)]
  0x000000001c87b800 JavaThread "JDWP Transport Listener: dt_socket" daemon [_thread_blocked, id=14684, stack(0x000000001e1a0000,0x000000001e2a0000)]
  0x000000001dbe3800 JavaThread "Attach Listener" daemon [_thread_blocked, id=11596, stack(0x000000001e0a0000,0x000000001e1a0000)]
  0x000000001c858000 JavaThread "Signal Dispatcher" daemon [_thread_blocked, id=8380, stack(0x000000001dfa0000,0x000000001e0a0000)]
  0x000000000306b800 JavaThread "Finalizer" daemon [_thread_blocked, id=9300, stack(0x000000001daa0000,0x000000001dba0000)]
  0x000000001c82a000 JavaThread "Reference Handler" daemon [_thread_blocked, id=5992, stack(0x000000001d9a0000,0x000000001daa0000)]
=>0x0000000002f79000 JavaThread "main" [_thread_in_vm, id=15048, stack(0x0000000002e70000,0x0000000002f70000)]

Other Threads:
  0x000000001c806800 VMThread [stack: 0x000000001d8a0000,0x000000001d9a0000] [id=7156]
  0x000000001e873800 WatcherThread [stack: 0x000000001f2a0000,0x000000001f3a0000] [id=9764]

VM state:not at safepoint (normal execution)

VM Mutex/Monitor currently owned by a thread: None

heap address: 0x00000006c1c00000, size: 4068 MB, Compressed Oops mode: Zero based, Oop shift amount: 3
Narrow klass base: 0x0000000000000000, Narrow klass shift: 3
Compressed class space size: 1073741824 Address: 0x00000007c0000000

Heap:
 PSYoungGen      total 285696K, used 62447K [0x000000076b400000, 0x000000077e700000, 0x00000007c0000000)
  eden space 268288K, 23% used [0x000000076b400000,0x000000076f0fbef0,0x000000077ba00000)
  from space 17408K, 0% used [0x000000077c500000,0x000000077c500000,0x000000077d600000)
  to   space 14336K, 0% used [0x000000077d900000,0x000000077d900000,0x000000077e700000)
 ParOldGen       total 200192K, used 27794K [0x00000006c1c00000, 0x00000006cdf80000, 0x000000076b400000)
  object space 200192K, 13% used [0x00000006c1c00000,0x00000006c3724a98,0x00000006cdf80000)
 Metaspace       used 58746K, capacity 62166K, committed 62464K, reserved 1103872K
  class space    used 7986K, capacity 8593K, committed 8704K, reserved 1048576K

Card table byte_map: [0x0000000012630000,0x0000000012e30000] byte_map_base: 0x000000000f022000

Marking Bits: (ParMarkBitMap*) 0x000000005ff05ce0
 Begin Bits: [0x0000000013780000, 0x0000000017710000)
 End Bits:   [0x0000000017710000, 0x000000001b6a0000)

Polling page: 0x0000000000f30000

CodeCache: size=245760Kb used=8939Kb max_used=8939Kb free=236820Kb
 bounds [0x0000000003270000, 0x0000000003b30000, 0x0000000012270000]
 total_blobs=5010 nmethods=4411 adapters=519
 compilation: enabled

Compilation events (10 events):
Event: 6.487 Thread 0x000000001e58d000 nmethod 4471 0x0000000003b27250 code [0x0000000003b273a0, 0x0000000003b27510]
Event: 6.487 Thread 0x000000001e58d000 4472       1       org.springframework.beans.factory.annotation.AutowiredAnnotationBeanPostProcessor$$Lambda$355/1818440653::<init> (15 bytes)
Event: 6.487 Thread 0x000000001e58d000 nmethod 4472 0x0000000003b27590 code [0x0000000003b276e0, 0x0000000003b27810]
Event: 6.489 Thread 0x000000001e58d000 4473       1       org.aspectj.weaver.ResolvedType::isParameterizedWithTypeVariable (287 bytes)
Event: 6.489 Thread 0x000000001e58d000 nmethod 4473 0x0000000003b27890 code [0x0000000003b27aa0, 0x0000000003b281f8]
Event: 6.489 Thread 0x000000001e58d000 4474       1       org.springframework.beans.factory.support.AbstractBeanFactory::requiresDestruction (41 bytes)
Event: 6.489 Thread 0x000000001e58d000 nmethod 4474 0x0000000003b286d0 code [0x0000000003b28840, 0x0000000003b28a18]
Event: 6.490 Thread 0x000000001e58d000 4475   !   1       org.springframework.beans.factory.support.AbstractAutowireCapableBeanFactory::applyPropertyValues (534 bytes)
Event: 6.492 Thread 0x000000001e58d000 nmethod 4475 0x0000000003b28b10 code [0x0000000003b28f60, 0x0000000003b2af68]
Event: 6.492 Thread 0x000000001e58d000 4477       1       org.springframework.asm.ClassReader::readCode (5085 bytes)

GC Heap History (10 events):
Event: 3.820 GC heap before
{Heap before GC invocations=8 (full 1):
 PSYoungGen      total 188928K, used 66294K [0x000000076b400000, 0x0000000779000000, 0x00000007c0000000)
  eden space 177664K, 30% used [0x000000076b400000,0x000000076e9be228,0x0000000776180000)
  from space 11264K, 99% used [0x0000000776f80000,0x0000000777a7f640,0x0000000777a80000)
  to   space 14336K, 0% used [0x0000000776180000,0x0000000776180000,0x0000000776f80000)
 ParOldGen       total 90624K, used 7639K [0x00000006c1c00000, 0x00000006c7480000, 0x000000076b400000)
  object space 90624K, 8% used [0x00000006c1c00000,0x00000006c2375d00,0x00000006c7480000)
 Metaspace       used 33303K, capacity 35328K, committed 35416K, reserved 1079296K
  class space    used 4386K, capacity 4790K, committed 4864K, reserved 1048576K
Event: 3.828 GC heap after
Heap after GC invocations=8 (full 1):
 PSYoungGen      total 192000K, used 9222K [0x000000076b400000, 0x000000077e700000, 0x00000007c0000000)
  eden space 177664K, 0% used [0x000000076b400000,0x000000076b400000,0x0000000776180000)
  from space 14336K, 64% used [0x0000000776180000,0x0000000776a818d0,0x0000000776f80000)
  to   space 14336K, 0% used [0x000000077d900000,0x000000077d900000,0x000000077e700000)
 ParOldGen       total 90624K, used 7647K [0x00000006c1c00000, 0x00000006c7480000, 0x000000076b400000)
  object space 90624K, 8% used [0x00000006c1c00000,0x00000006c2377d00,0x00000006c7480000)
 Metaspace       used 33303K, capacity 35328K, committed 35416K, reserved 1079296K
  class space    used 4386K, capacity 4790K, committed 4864K, reserved 1048576K
}
Event: 3.828 GC heap before
{Heap before GC invocations=9 (full 2):
 PSYoungGen      total 192000K, used 9222K [0x000000076b400000, 0x000000077e700000, 0x00000007c0000000)
  eden space 177664K, 0% used [0x000000076b400000,0x000000076b400000,0x0000000776180000)
  from space 14336K, 64% used [0x0000000776180000,0x0000000776a818d0,0x0000000776f80000)
  to   space 14336K, 0% used [0x000000077d900000,0x000000077d900000,0x000000077e700000)
 ParOldGen       total 90624K, used 7647K [0x00000006c1c00000, 0x00000006c7480000, 0x000000076b400000)
  object space 90624K, 8% used [0x00000006c1c00000,0x00000006c2377d00,0x00000006c7480000)
 Metaspace       used 33303K, capacity 35328K, committed 35416K, reserved 1079296K
  class space    used 4386K, capacity 4790K, committed 4864K, reserved 1048576K
Event: 3.873 GC heap after
Heap after GC invocations=9 (full 2):
 PSYoungGen      total 192000K, used 0K [0x000000076b400000, 0x000000077e700000, 0x00000007c0000000)
  eden space 177664K, 0% used [0x000000076b400000,0x000000076b400000,0x0000000776180000)
  from space 14336K, 0% used [0x0000000776180000,0x0000000776180000,0x0000000776f80000)
  to   space 14336K, 0% used [0x000000077d900000,0x000000077d900000,0x000000077e700000)
 ParOldGen       total 137728K, used 14041K [0x00000006c1c00000, 0x00000006ca280000, 0x000000076b400000)
  object space 137728K, 10% used [0x00000006c1c00000,0x00000006c29b6590,0x00000006ca280000)
 Metaspace       used 33303K, capacity 35328K, committed 35416K, reserved 1079296K
  class space    used 4386K, capacity 4790K, committed 4864K, reserved 1048576K
}
Event: 5.112 GC heap before
{Heap before GC invocations=10 (full 2):
 PSYoungGen      total 192000K, used 177664K [0x000000076b400000, 0x000000077e700000, 0x00000007c0000000)
  eden space 177664K, 100% used [0x000000076b400000,0x0000000776180000,0x0000000776180000)
  from space 14336K, 0% used [0x0000000776180000,0x0000000776180000,0x0000000776f80000)
  to   space 14336K, 0% used [0x000000077d900000,0x000000077d900000,0x000000077e700000)
 ParOldGen       total 137728K, used 14041K [0x00000006c1c00000, 0x00000006ca280000, 0x000000076b400000)
  object space 137728K, 10% used [0x00000006c1c00000,0x00000006c29b6590,0x00000006ca280000)
 Metaspace       used 47863K, capacity 50544K, committed 50688K, reserved 1093632K
  class space    used 6361K, capacity 6860K, committed 6912K, reserved 1048576K
Event: 5.126 GC heap after
Heap after GC invocations=10 (full 2):
 PSYoungGen      total 282624K, used 14325K [0x000000076b400000, 0x000000077e700000, 0x00000007c0000000)
  eden space 268288K, 0% used [0x000000076b400000,0x000000076b400000,0x000000077ba00000)
  from space 14336K, 99% used [0x000000077d900000,0x000000077e6fd628,0x000000077e700000)
  to   space 17408K, 0% used [0x000000077c500000,0x000000077c500000,0x000000077d600000)
 ParOldGen       total 137728K, used 16408K [0x00000006c1c00000, 0x00000006ca280000, 0x000000076b400000)
  object space 137728K, 11% used [0x00000006c1c00000,0x00000006c2c06120,0x00000006ca280000)
 Metaspace       used 47863K, capacity 50544K, committed 50688K, reserved 1093632K
  class space    used 6361K, capacity 6860K, committed 6912K, reserved 1048576K
}
Event: 5.907 GC heap before
{Heap before GC invocations=11 (full 2):
 PSYoungGen      total 282624K, used 131159K [0x000000076b400000, 0x000000077e700000, 0x00000007c0000000)
  eden space 268288K, 43% used [0x000000076b400000,0x00000007726186e8,0x000000077ba00000)
  from space 14336K, 99% used [0x000000077d900000,0x000000077e6fd628,0x000000077e700000)
  to   space 17408K, 0% used [0x000000077c500000,0x000000077c500000,0x000000077d600000)
 ParOldGen       total 137728K, used 16408K [0x00000006c1c00000, 0x00000006ca280000, 0x000000076b400000)
  object space 137728K, 11% used [0x00000006c1c00000,0x00000006c2c06120,0x00000006ca280000)
 Metaspace       used 56084K, capacity 58948K, committed 59028K, reserved 1099776K
  class space    used 7596K, capacity 8118K, committed 8192K, reserved 1048576K
Event: 5.920 GC heap after
Heap after GC invocations=11 (full 2):
 PSYoungGen      total 285696K, used 16644K [0x000000076b400000, 0x000000077e700000, 0x00000007c0000000)
  eden space 268288K, 0% used [0x000000076b400000,0x000000076b400000,0x000000077ba00000)
  from space 17408K, 95% used [0x000000077c500000,0x000000077d541380,0x000000077d600000)
  to   space 14336K, 0% used [0x000000077d900000,0x000000077d900000,0x000000077e700000)
 ParOldGen       total 137728K, used 16416K [0x00000006c1c00000, 0x00000006ca280000, 0x000000076b400000)
  object space 137728K, 11% used [0x00000006c1c00000,0x00000006c2c08120,0x00000006ca280000)
 Metaspace       used 56084K, capacity 58948K, committed 59028K, reserved 1099776K
  class space    used 7596K, capacity 8118K, committed 8192K, reserved 1048576K
}
Event: 5.920 GC heap before
{Heap before GC invocations=12 (full 3):
 PSYoungGen      total 285696K, used 16644K [0x000000076b400000, 0x000000077e700000, 0x00000007c0000000)
  eden space 268288K, 0% used [0x000000076b400000,0x000000076b400000,0x000000077ba00000)
  from space 17408K, 95% used [0x000000077c500000,0x000000077d541380,0x000000077d600000)
  to   space 14336K, 0% used [0x000000077d900000,0x000000077d900000,0x000000077e700000)
 ParOldGen       total 137728K, used 16416K [0x00000006c1c00000, 0x00000006ca280000, 0x000000076b400000)
  object space 137728K, 11% used [0x00000006c1c00000,0x00000006c2c08120,0x00000006ca280000)
 Metaspace       used 56084K, capacity 58948K, committed 59028K, reserved 1099776K
  class space    used 7596K, capacity 8118K, committed 8192K, reserved 1048576K
Event: 6.063 GC heap after
Heap after GC invocations=12 (full 3):
 PSYoungGen      total 285696K, used 0K [0x000000076b400000, 0x000000077e700000, 0x00000007c0000000)
  eden space 268288K, 0% used [0x000000076b400000,0x000000076b400000,0x000000077ba00000)
  from space 17408K, 0% used [0x000000077c500000,0x000000077c500000,0x000000077d600000)
  to   space 14336K, 0% used [0x000000077d900000,0x000000077d900000,0x000000077e700000)
 ParOldGen       total 200192K, used 27794K [0x00000006c1c00000, 0x00000006cdf80000, 0x000000076b400000)
  object space 200192K, 13% used [0x00000006c1c00000,0x00000006c3724a98,0x00000006cdf80000)
 Metaspace       used 56084K, capacity 58948K, committed 59028K, reserved 1099776K
  class space    used 7596K, capacity 8118K, committed 8192K, reserved 1048576K
}

Deoptimization events (0 events):
No events

Classes redefined (0 events):
No events

Internal exceptions (10 events):
Event: 6.491 Thread 0x0000000002f79000 Exception <a 'java/lang/ArrayIndexOutOfBoundsException'> (0x000000076ee05760) thrown at [C:\re\workspace\8-2-build-windows-amd64-cygwin\jdk8u221\13320\hotspot\src\share\vm\runtime\sharedRuntime.cpp, line 605]
Event: 6.491 Thread 0x0000000002f79000 Exception <a 'java/lang/ArrayIndexOutOfBoundsException'> (0x000000076ee06910) thrown at [C:\re\workspace\8-2-build-windows-amd64-cygwin\jdk8u221\13320\hotspot\src\share\vm\runtime\sharedRuntime.cpp, line 605]
Event: 6.498 Thread 0x0000000002f79000 Exception <a 'java/lang/ClassNotFoundException': java/lang/ObjectCustomizer> (0x000000076eeef768) thrown at [C:\re\workspace\8-2-build-windows-amd64-cygwin\jdk8u221\13320\hotspot\src\share\vm\classfile\systemDictionary.cpp, line 210]
Event: 6.498 Thread 0x0000000002f79000 Exception <a 'java/lang/ClassNotFoundException': org/springframework/data/redis/core/convert/MappingRedisConverterCustomizer> (0x000000076ef12fa8) thrown at [C:\re\workspace\8-2-build-windows-amd64-cygwin\jdk8u221\13320\hotspot\src\share\vm\classfile\syst
Event: 6.498 Thread 0x0000000002f79000 Exception <a 'java/lang/ArrayIndexOutOfBoundsException'> (0x000000076ef16bb0) thrown at [C:\re\workspace\8-2-build-windows-amd64-cygwin\jdk8u221\13320\hotspot\src\share\vm\runtime\sharedRuntime.cpp, line 605]
Event: 6.499 Thread 0x0000000002f79000 Exception <a 'java/lang/ArrayIndexOutOfBoundsException'> (0x000000076ef19888) thrown at [C:\re\workspace\8-2-build-windows-amd64-cygwin\jdk8u221\13320\hotspot\src\share\vm\runtime\sharedRuntime.cpp, line 605]
Event: 6.499 Thread 0x0000000002f79000 Exception <a 'java/lang/ArrayIndexOutOfBoundsException'> (0x000000076ef1cfe0) thrown at [C:\re\workspace\8-2-build-windows-amd64-cygwin\jdk8u221\13320\hotspot\src\share\vm\runtime\sharedRuntime.cpp, line 605]
Event: 6.499 Thread 0x0000000002f79000 Exception <a 'java/lang/ArrayIndexOutOfBoundsException'> (0x000000076ef1e3c8) thrown at [C:\re\workspace\8-2-build-windows-amd64-cygwin\jdk8u221\13320\hotspot\src\share\vm\runtime\sharedRuntime.cpp, line 605]
Event: 6.499 Thread 0x0000000002f79000 Exception <a 'java/lang/ArrayIndexOutOfBoundsException'> (0x000000076ef1f5e8) thrown at [C:\re\workspace\8-2-build-windows-amd64-cygwin\jdk8u221\13320\hotspot\src\share\vm\runtime\sharedRuntime.cpp, line 605]
Event: 6.499 Thread 0x0000000002f79000 Exception <a 'java/lang/ArrayIndexOutOfBoundsException'> (0x000000076ef235c0) thrown at [C:\re\workspace\8-2-build-windows-amd64-cygwin\jdk8u221\13320\hotspot\src\share\vm\runtime\sharedRuntime.cpp, line 605]

Events (10 events):
Event: 6.498 Thread 0x0000000002f79000 DEOPT PACKING pc=0x00000000033a8778 sp=0x0000000002f6da70
Event: 6.498 Thread 0x0000000002f79000 DEOPT UNPACKING pc=0x00000000032b7890 sp=0x0000000002f6d798 mode 1
Event: 6.499 Thread 0x0000000002f79000 DEOPT PACKING pc=0x00000000033a8778 sp=0x0000000002f6d7a0
Event: 6.499 Thread 0x0000000002f79000 DEOPT UNPACKING pc=0x00000000032b7890 sp=0x0000000002f6d4c8 mode 1
Event: 6.499 Thread 0x0000000002f79000 DEOPT PACKING pc=0x00000000033a8778 sp=0x0000000002f6d410
Event: 6.499 Thread 0x0000000002f79000 DEOPT UNPACKING pc=0x00000000032b7890 sp=0x0000000002f6d138 mode 1
Event: 6.499 Thread 0x0000000002f79000 DEOPT PACKING pc=0x00000000033a8778 sp=0x0000000002f6d370
Event: 6.499 Thread 0x0000000002f79000 DEOPT UNPACKING pc=0x00000000032b7890 sp=0x0000000002f6d098 mode 1
Event: 6.499 Thread 0x0000000002f79000 DEOPT PACKING pc=0x00000000033a8778 sp=0x0000000002f6d370
Event: 6.499 Thread 0x0000000002f79000 DEOPT UNPACKING pc=0x00000000032b7890 sp=0x0000000002f6d098 mode 1


Dynamic libraries:
0x00007ff7bc170000 - 0x00007ff7bc1a7000 	C:\Program Files\Java\jdk1.8.0_221\bin\java.exe
0x00007fff85780000 - 0x00007fff85970000 	C:\WINDOWS\SYSTEM32\ntdll.dll
0x00007fff847f0000 - 0x00007fff848a2000 	C:\WINDOWS\System32\KERNEL32.DLL
0x00007fff83060000 - 0x00007fff83304000 	C:\WINDOWS\System32\KERNELBASE.dll
0x00007fff849e0000 - 0x00007fff84a83000 	C:\WINDOWS\System32\ADVAPI32.dll
0x00007fff855b0000 - 0x00007fff8564e000 	C:\WINDOWS\System32\msvcrt.dll
0x00007fff83d40000 - 0x00007fff83dd7000 	C:\WINDOWS\System32\sechost.dll
0x00007fff83840000 - 0x00007fff83960000 	C:\WINDOWS\System32\RPCRT4.dll
0x00007fff83b80000 - 0x00007fff83d14000 	C:\WINDOWS\System32\USER32.dll
0x00007fff827f0000 - 0x00007fff82811000 	C:\WINDOWS\System32\win32u.dll
0x00007fff83fa0000 - 0x00007fff83fc6000 	C:\WINDOWS\System32\GDI32.dll
0x00007fff83540000 - 0x00007fff836d5000 	C:\WINDOWS\System32\gdi32full.dll
0x00007fff82fc0000 - 0x00007fff8305e000 	C:\WINDOWS\System32\msvcp_win.dll
0x00007fff83440000 - 0x00007fff8353a000 	C:\WINDOWS\System32\ucrtbase.dll
0x00007fff78150000 - 0x00007fff783d4000 	C:\WINDOWS\WinSxS\amd64_microsoft.windows.common-controls_6595b64144ccf1df_6.0.18362.900_none_e6beb9d913147d17\COMCTL32.dll
0x00007fff851f0000 - 0x00007fff85525000 	C:\WINDOWS\System32\combase.dll
0x00007fff83310000 - 0x00007fff83390000 	C:\WINDOWS\System32\bcryptPrimitives.dll
0x00007fff856b0000 - 0x00007fff856de000 	C:\WINDOWS\System32\IMM32.DLL
0x000000005e800000 - 0x000000005e8d2000 	C:\Program Files\Java\jdk1.8.0_221\jre\bin\msvcr100.dll
0x000000005f6e0000 - 0x000000005ff85000 	C:\Program Files\Java\jdk1.8.0_221\jre\bin\server\jvm.dll
0x00007fff83de0000 - 0x00007fff83de8000 	C:\WINDOWS\System32\PSAPI.DLL
0x00007fff77220000 - 0x00007fff77229000 	C:\WINDOWS\SYSTEM32\WSOCK32.dll
0x00007fff84650000 - 0x00007fff846bf000 	C:\WINDOWS\System32\WS2_32.dll
0x00007fff79290000 - 0x00007fff792b4000 	C:\WINDOWS\SYSTEM32\WINMM.dll
0x00007fff7d920000 - 0x00007fff7d92a000 	C:\WINDOWS\SYSTEM32\VERSION.dll
0x00007fff79040000 - 0x00007fff7906d000 	C:\WINDOWS\SYSTEM32\WINMMBASE.dll
0x00007fff82710000 - 0x00007fff8275a000 	C:\WINDOWS\System32\cfgmgr32.dll
0x00007fff71240000 - 0x00007fff7124f000 	C:\Program Files\Java\jdk1.8.0_221\jre\bin\verify.dll
0x00007fff57540000 - 0x00007fff57569000 	C:\Program Files\Java\jdk1.8.0_221\jre\bin\java.dll
0x00007fff6ebe0000 - 0x00007fff6ec15000 	C:\Program Files\Java\jdk1.8.0_221\jre\bin\jdwp.dll
0x00007fff7ae60000 - 0x00007fff7ae68000 	C:\Program Files\Java\jdk1.8.0_221\jre\bin\npt.dll
0x00007fff69fa0000 - 0x00007fff69fc3000 	C:\Program Files\Java\jdk1.8.0_221\jre\bin\instrument.dll
0x00007fff67d10000 - 0x00007fff67d26000 	C:\Program Files\Java\jdk1.8.0_221\jre\bin\zip.dll
0x00007fff84a90000 - 0x00007fff85176000 	C:\WINDOWS\System32\SHELL32.dll
0x00007fff845a0000 - 0x00007fff84649000 	C:\WINDOWS\System32\shcore.dll
0x00007fff82840000 - 0x00007fff82fc0000 	C:\WINDOWS\System32\windows.storage.dll
0x00007fff826e0000 - 0x00007fff82703000 	C:\WINDOWS\System32\profapi.dll
0x00007fff82690000 - 0x00007fff826da000 	C:\WINDOWS\System32\powrprof.dll
0x00007fff82640000 - 0x00007fff82650000 	C:\WINDOWS\System32\UMPDC.dll
0x00007fff85650000 - 0x00007fff856a2000 	C:\WINDOWS\System32\shlwapi.dll
0x00007fff82650000 - 0x00007fff82661000 	C:\WINDOWS\System32\kernel.appcore.dll
0x00007fff82820000 - 0x00007fff82837000 	C:\WINDOWS\System32\cryptsp.dll
0x00007fff7a890000 - 0x00007fff7a899000 	C:\Program Files\Java\jdk1.8.0_221\jre\bin\dt_socket.dll
0x00007fff81eb0000 - 0x00007fff81f17000 	C:\WINDOWS\system32\mswsock.dll
0x00007fff81a20000 - 0x00007fff81a53000 	C:\WINDOWS\system32\rsaenh.dll
0x00007fff82760000 - 0x00007fff82786000 	C:\WINDOWS\System32\bcrypt.dll
0x00007fff82560000 - 0x00007fff82585000 	C:\WINDOWS\SYSTEM32\USERENV.dll
0x00007fff82080000 - 0x00007fff8208c000 	C:\WINDOWS\SYSTEM32\CRYPTBASE.dll
0x00007fff637d0000 - 0x00007fff637ea000 	C:\Program Files\Java\jdk1.8.0_221\jre\bin\net.dll
0x00007fff74950000 - 0x00007fff74b26000 	C:\WINDOWS\SYSTEM32\urlmon.dll
0x00007fff746a0000 - 0x00007fff74946000 	C:\WINDOWS\SYSTEM32\iertutil.dll
0x00007fff81bc0000 - 0x00007fff81bfa000 	C:\WINDOWS\SYSTEM32\IPHLPAPI.DLL
0x00007fff83aa0000 - 0x00007fff83aa8000 	C:\WINDOWS\System32\NSI.dll
0x00007fff7ae40000 - 0x00007fff7ae56000 	C:\WINDOWS\SYSTEM32\dhcpcsvc6.DLL
0x00007fff7b410000 - 0x00007fff7b42c000 	C:\WINDOWS\SYSTEM32\dhcpcsvc.DLL
0x00007fff81c00000 - 0x00007fff81ccb000 	C:\WINDOWS\SYSTEM32\DNSAPI.dll
0x00007fff58290000 - 0x00007fff582a2000 	C:\Program Files\Java\jdk1.8.0_221\jre\bin\nio.dll
0x00007fff78b70000 - 0x00007fff78b7a000 	C:\Windows\System32\rasadhlp.dll
0x00007fff7a480000 - 0x00007fff7a4f7000 	C:\WINDOWS\System32\fwpuclnt.dll
0x00007fff79350000 - 0x00007fff7935d000 	C:\Program Files\Java\jdk1.8.0_221\jre\bin\management.dll
0x00007fff73e80000 - 0x00007fff73e96000 	C:\WINDOWS\system32\napinsp.dll
0x00007fff73e60000 - 0x00007fff73e7a000 	C:\WINDOWS\system32\pnrpnsp.dll
0x00007fff73e50000 - 0x00007fff73e5e000 	C:\WINDOWS\System32\winrnr.dll
0x00007fff7d270000 - 0x00007fff7d28c000 	C:\WINDOWS\system32\NLAapi.dll
0x00007fff73e30000 - 0x00007fff73e45000 	C:\WINDOWS\system32\wshbth.dll
0x00007fff53700000 - 0x00007fff53724000 	C:\Program Files\Java\jdk1.8.0_221\jre\bin\sunec.dll
0x00007fff6e940000 - 0x00007fff6e94b000 	C:\Program Files\Java\jdk1.8.0_221\jre\bin\sunmscapi.dll
0x00007fff836e0000 - 0x00007fff83829000 	C:\WINDOWS\System32\CRYPT32.dll
0x00007fff82670000 - 0x00007fff82682000 	C:\WINDOWS\System32\MSASN1.dll

VM Arguments:
jvm_args: -agentlib:jdwp=transport=dt_socket,address=127.0.0.1:61722,suspend=y,server=n -XX:TieredStopAtLevel=1 -Xverify:none -Dspring.output.ansi.enabled=always -Dcom.sun.management.jmxremote -Dspring.liveBeansView.mbeanDomain -Dspring.application.admin.enabled=true -javaagent:C:\Users\zxf\.IntelliJIdea2018.3\system\captureAgent\debugger-agent.jar -Dfile.encoding=UTF-8 
java_command: com.zxf.demo.DemoApplication
java_class_path (initial): C:\Program Files\Java\jdk1.8.0_221\jre\lib\charsets.jar;C:\Program Files\Java\jdk1.8.0_221\jre\lib\deploy.jar;C:\Program Files\Java\jdk1.8.0_221\jre\lib\ext\access-bridge-64.jar;C:\Program Files\Java\jdk1.8.0_221\jre\lib\ext\cldrdata.jar;C:\Program Files\Java\jdk1.8.0_221\jre\lib\ext\dnsns.jar;C:\Program Files\Java\jdk1.8.0_221\jre\lib\ext\jaccess.jar;C:\Program Files\Java\jdk1.8.0_221\jre\lib\ext\jfxrt.jar;C:\Program Files\Java\jdk1.8.0_221\jre\lib\ext\localedata.jar;C:\Program Files\Java\jdk1.8.0_221\jre\lib\ext\nashorn.jar;C:\Program Files\Java\jdk1.8.0_221\jre\lib\ext\sunec.jar;C:\Program Files\Java\jdk1.8.0_221\jre\lib\ext\sunjce_provider.jar;C:\Program Files\Java\jdk1.8.0_221\jre\lib\ext\sunmscapi.jar;C:\Program Files\Java\jdk1.8.0_221\jre\lib\ext\sunpkcs11.jar;C:\Program Files\Java\jdk1.8.0_221\jre\lib\ext\zipfs.jar;C:\Program Files\Java\jdk1.8.0_221\jre\lib\javaws.jar;C:\Program Files\Java\jdk1.8.0_221\jre\lib\jce.jar;C:\Program Files\Java\jdk1.8.0_221\jre\lib\jfr.jar;C:\Program Files\Java\jdk1.8.0_221\jre\lib\jfxswt.jar;C:\Program Files\Java\jdk1.8.0_221\jre\lib\jsse.jar;C:\Program Files\Java\jdk1.8.0_221\jre\lib\management-agent.jar;C:\Program Files\Java\jdk1.8.0_221\jre\lib\plugin.jar;C:\Program Files\Java\jdk1.8.0_221\jre\lib\resources.jar;C:\Program Files\Java\jdk1.8.0_221\jre\lib\rt.jar;C:\Users\zxf\IdeaProjects\SpringBoot2018\target\classes;D:\apache-maven-3.2.3\repository\org\springframework\boot\spring-boot-starter-web\2.3.0.RELEASE\spring-boot-starter-web-2.3.0.RELEASE.jar;D:\apache-maven-3.2.3\repository\org\springframework\boot\spring-boot-starter\2.3.0.RELEASE\spring-boot-starter-2.3.0.RELEASE.jar;D:\apache-maven-3.2.3\repository\org\springframework\boot\spring-boot\2.3.0.RELEASE\spring-boot-2.3.0.RELEASE.jar;D:\apache-maven-3.2.3\repository\org\springframework\boot\spring-boot-autoconfigure\2.3.0.RELEASE\spring-boot-autoconfigure-2.3.0.RELEASE.jar;D:\apache-maven-3.2.3\repository\org\springframework\boot\spring-boot
Launcher Type: SUN_STANDARD

Environment Variables:
JAVA_HOME=C:\Program Files\Java\jdk1.8.0_221
CLASSPATH=.;C:\Program Files\Java\jdk1.8.0_221\lib\dt.jar;C:\Program Files\Java\jdk1.8.0_221\lib\tools.jar
PATH=C:\Program Files\Java\jdk1.8.0_221\bin\;C:\Program Files (x86)\Common Files\Oracle\Java\javapath;C:\software\xshell\;C:\software\Xftp\;C:\oraclexe\app\oracle\product\10.2.0\server\bin;C:\Program Files (x86)\Intel\iCLS Client\;C:\Program Files\Intel\iCLS Client\;C:\windows\system32;C:\windows;C:\windows\System32\Wbem;C:\windows\System32\WindowsPowerShell\v1.0\;C:\Program Files (x86)\Intel\Intel(R) Management Engine Components\DAL;C:\Program Files\Intel\Intel(R) Management Engine Components\DAL;C:\Program Files (x86)\Intel\Intel(R) Management Engine Components\IPT;C:\Program Files\Intel\Intel(R) Management Engine Components\IPT;C:\Program Files\MySQL\MySQL Utilities 1.6\;C:\software\Git\cmd;C:\Program Files (x86)\NVIDIA Corporation\PhysX\Common;C:\WINDOWS\system32;C:\WINDOWS;C:\WINDOWS\System32\Wbem;C:\WINDOWS\System32\WindowsPowerShell\v1.0\;C:\software\zookeeper-3.4.11\bin;C:\software\apache-maven-3.5.0\bin;C:\WINDOWS\System32\OpenSSH\;C:\Program Files\Java\jdk1.8.0_221\jre\bin\;C:\Program Files\TortoiseSVN\bin;C:\software\Nodejs\;C:\Users\zxf\AppData\Local\Microsoft\WindowsApps;C:\software\Microsoft VS Code\bin;C:\software\Nodejs\node_global;C:\software\IntelliJ IDEA 2019.2.3\bin;C:\Users\zxf\AppData\Local\BypassRuntm;C:\Users\zxf\AppData\Local\Programs\Fiddler
USERNAME=zxf
OS=Windows_NT
PROCESSOR_IDENTIFIER=Intel64 Family 6 Model 158 Stepping 9, GenuineIntel



---------------  S Y S T E M  ---------------

OS: Windows 10.0 , 64 bit Build 18362 (10.0.18362.900)

CPU:total 4 (initial active 4) (4 cores per cpu, 1 threads per core) family 6 model 158 stepping 9, cmov, cx8, fxsr, mmx, sse, sse2, sse3, ssse3, sse4.1, sse4.2, popcnt, avx, avx2, aes, clmul, erms, 3dnowpref, lzcnt, tsc, tscinvbit, bmi1, bmi2, adx

Memory: 4k page, physical 16659688k(6344692k free), swap 25048296k(5120k free)

vm_info: Java HotSpot(TM) 64-Bit Server VM (25.221-b11) for windows-amd64 JRE (1.8.0_221-b11), built on Jul  4 2019 04:39:29 by "java_re" with MS VC++ 10.0 (VS2010)

time: Tue Jun 16 14:39:48 2020
timezone: 中国标准时间
elapsed time: 6 seconds (0d 0h 0m 6s)

